Arguments: /home/hackslash/.opam/default/bin/libra mnlearnw -m ../models/mns/base-mn-0.01-all.mn -i ../data/export/train.csv -o final-0.01-all.mn -maxiter 500 -l1 0.001 -sd 0.1 -log final-0.01-all.log -v
Num variables = 19
Num weights = 27379
pll = -15.079339 (reg: -7.693326) (0.469373 s)
pll = -28.489523 (reg: -21.113259) (0.462681 s)
pll = -18.084798 (reg: -10.701222) (0.461974 s)
pll = -14.268287 (reg: -6.882883) (0.457308 s)
pll = -13.209248 (reg: -5.823644) (0.466986 s)
pll = -12.571702 (reg: -5.186450) (0.465467 s)
pll = -12.068950 (reg: -4.683867) (0.465124 s)
pll = -11.762149 (reg: -4.377657) (0.460389 s)
pll = -11.058392 (reg: -3.677215) (0.467613 s)
pll = -11.048738 (reg: -3.673443) (0.463006 s)
pll = -10.570852 (reg: -3.196225) (0.470298 s)
pll = -10.431589 (reg: -3.058641) (0.466089 s)
pll = -10.297052 (reg: -2.926791) (0.468214 s)
pll = -10.063118 (reg: -2.706571) (0.464205 s)
pll = -9.893101 (reg: -2.543505) (0.464549 s)
pll = -9.827436 (reg: -2.482133) (0.461450 s)
pll = -9.747949 (reg: -2.410732) (0.466642 s)
pll = -9.657323 (reg: -2.339158) (0.458909 s)
pll = -9.598955 (reg: -2.286747) (0.460092 s)
pll = -9.564374 (reg: -2.255389) (0.461659 s)
pll = -9.516772 (reg: -2.213812) (0.464619 s)
pll = -9.455996 (reg: -2.161448) (0.462573 s)
pll = -9.410857 (reg: -2.122606) (0.468895 s)
pll = -9.380496 (reg: -2.094873) (0.459814 s)
pll = -9.340334 (reg: -2.060724) (0.463815 s)
pll = -9.293512 (reg: -2.028230) (0.459285 s)
pll = -9.265042 (reg: -2.008303) (0.466146 s)
pll = -9.248379 (reg: -1.995725) (0.464209 s)
pll = -9.222555 (reg: -1.979085) (0.461647 s)
pll = -9.195949 (reg: -1.966819) (0.468046 s)
pll = -9.177650 (reg: -1.951889) (0.467552 s)
pll = -9.168730 (reg: -1.944849) (0.467051 s)
pll = -9.148854 (reg: -1.930055) (0.464273 s)
pll = -9.166195 (reg: -1.952779) (0.469356 s)
pll = -9.144078 (reg: -1.927467) (0.455984 s)
pll = -9.131286 (reg: -1.915759) (0.464248 s)
pll = -9.123473 (reg: -1.909670) (0.466040 s)
pll = -9.109751 (reg: -1.900184) (0.461342 s)
pll = -9.098431 (reg: -1.892901) (0.471189 s)
pll = -9.088952 (reg: -1.886399) (0.457573 s)
pll = -9.080741 (reg: -1.880957) (0.474146 s)
pll = -9.070067 (reg: -1.874541) (0.462717 s)
pll = -9.058852 (reg: -1.868628) (0.464826 s)
pll = -9.048767 (reg: -1.863337) (0.464746 s)
pll = -9.041237 (reg: -1.859176) (0.462970 s)
pll = -9.033466 (reg: -1.854957) (0.460572 s)
pll = -9.026097 (reg: -1.851171) (0.461839 s)
pll = -9.019402 (reg: -1.847793) (0.466863 s)
pll = -9.014247 (reg: -1.845094) (0.464466 s)
pll = -9.010174 (reg: -1.842663) (0.456934 s)
pll = -9.006120 (reg: -1.840296) (0.461303 s)
pll = -9.002099 (reg: -1.837835) (0.458287 s)
pll = -8.997707 (reg: -1.835464) (0.467041 s)
pll = -8.994112 (reg: -1.833310) (0.466247 s)
pll = -8.990531 (reg: -1.831307) (0.460345 s)
pll = -8.987747 (reg: -1.829615) (0.465684 s)
pll = -8.984684 (reg: -1.827911) (0.467149 s)
pll = -8.982049 (reg: -1.826457) (0.457298 s)
pll = -8.979032 (reg: -1.824869) (0.463970 s)
pll = -8.976603 (reg: -1.823549) (0.463239 s)
pll = -8.974224 (reg: -1.822249) (0.461448 s)
pll = -8.972237 (reg: -1.821112) (0.465749 s)
pll = -8.970001 (reg: -1.819887) (0.470027 s)
pll = -8.967974 (reg: -1.818780) (0.462423 s)
pll = -8.965673 (reg: -1.817701) (0.460383 s)
pll = -8.963711 (reg: -1.816619) (0.469490 s)
pll = -8.961784 (reg: -1.815658) (0.473444 s)
pll = -8.960091 (reg: -1.814772) (0.464537 s)
pll = -8.958351 (reg: -1.813952) (0.470636 s)
pll = -8.956661 (reg: -1.813129) (0.466351 s)
pll = -8.954979 (reg: -1.812338) (0.471744 s)
pll = -8.953215 (reg: -1.811627) (0.462861 s)
pll = -8.951666 (reg: -1.810884) (0.468808 s)
pll = -8.950133 (reg: -1.810196) (0.471469 s)
pll = -8.948704 (reg: -1.809505) (0.468494 s)
pll = -8.947197 (reg: -1.808897) (0.467644 s)
pll = -8.945707 (reg: -1.808316) (0.470570 s)
pll = -8.944100 (reg: -1.807681) (0.464937 s)
pll = -8.942682 (reg: -1.807091) (0.469318 s)
pll = -8.941240 (reg: -1.806499) (0.465443 s)
pll = -8.939990 (reg: -1.805971) (0.466017 s)
pll = -8.938671 (reg: -1.805422) (0.464259 s)
pll = -8.937486 (reg: -1.804923) (0.462458 s)
pll = -8.936178 (reg: -1.804422) (0.465894 s)
pll = -8.934959 (reg: -1.803956) (0.468082 s)
pll = -8.933620 (reg: -1.803443) (0.476129 s)
pll = -8.932562 (reg: -1.803002) (0.467388 s)
pll = -8.931491 (reg: -1.802576) (0.472665 s)
pll = -8.930688 (reg: -1.802175) (0.461645 s)
pll = -8.929734 (reg: -1.801729) (0.468717 s)
pll = -8.929069 (reg: -1.801375) (0.466642 s)
pll = -8.928274 (reg: -1.801015) (0.458686 s)
pll = -8.927656 (reg: -1.800682) (0.461722 s)
pll = -8.926870 (reg: -1.800320) (0.468584 s)
pll = -8.926252 (reg: -1.799979) (0.464176 s)
LBFGS errcode = Stop
PLL = 9232.606374
Total time: 58.979517 seconds
